[Sun, 01 Jun 14 17:16:35 +0200][ERROR] Undefined variable: start C:\xampp\htdocs\isharev1\ikomuniti\var\volt\c%%%%xampp%%htdocs%%isharev1%%ikomuniti%%apps%%admin%%views%%reports%%index.volt.php:39
[Sun, 01 Jun 14 17:16:35 +0200][ERROR] Undefined variable: end C:\xampp\htdocs\isharev1\ikomuniti\var\volt\c%%%%xampp%%htdocs%%isharev1%%ikomuniti%%apps%%admin%%views%%reports%%index.volt.php:47
[Sun, 01 Jun 14 17:16:35 +0200][ERROR] Undefined property: Phalcon\Mvc\Model\Row::$created_at C:\xampp\htdocs\isharev1\ikomuniti\var\volt\c%%%%xampp%%htdocs%%isharev1%%ikomuniti%%apps%%admin%%views%%reports%%index.volt.php:95
[Sun, 01 Jun 14 17:16:35 +0200][ERROR] Undefined property: Phalcon\Mvc\Model\Row::$occupation C:\xampp\htdocs\isharev1\ikomuniti\var\volt\c%%%%xampp%%htdocs%%isharev1%%ikomuniti%%apps%%admin%%views%%reports%%print.volt.php:25
[Sun, 01 Jun 14 17:16:35 +0200][ERROR] Undefined property: Phalcon\Mvc\Model\Row::$kin_phone C:\xampp\htdocs\isharev1\ikomuniti\var\volt\c%%%%xampp%%htdocs%%isharev1%%ikomuniti%%apps%%admin%%views%%reports%%print.volt.php:27
[Sun, 01 Jun 14 17:16:35 +0200][ERROR] Undefined property: Phalcon\Mvc\Model\Row::$second_address C:\xampp\htdocs\isharev1\ikomuniti\var\volt\c%%%%xampp%%htdocs%%isharev1%%ikomuniti%%apps%%admin%%views%%reports%%print.volt.php:34
[Sun, 01 Jun 14 17:16:35 +0200][ERROR] Undefined property: Phalcon\Mvc\Model\Row::$city C:\xampp\htdocs\isharev1\ikomuniti\var\volt\c%%%%xampp%%htdocs%%isharev1%%ikomuniti%%apps%%admin%%views%%reports%%print.volt.php:35
[Sun, 01 Jun 14 17:16:35 +0200][ERROR] Undefined property: Phalcon\Mvc\Model\Row::$region C:\xampp\htdocs\isharev1\ikomuniti\var\volt\c%%%%xampp%%htdocs%%isharev1%%ikomuniti%%apps%%admin%%views%%reports%%print.volt.php:36
[Sun, 01 Jun 14 17:16:35 +0200][ERROR] Undefined property: Phalcon\Mvc\Model\Row::$created_at C:\xampp\htdocs\isharev1\ikomuniti\var\volt\c%%%%xampp%%htdocs%%isharev1%%ikomuniti%%apps%%admin%%views%%reports%%print.volt.php:40
[Sun, 01 Jun 14 17:17:49 +0200][ERROR] Undefined property: Phalcon\Mvc\Model\Row::$created_at C:\xampp\htdocs\isharev1\ikomuniti\var\volt\c%%%%xampp%%htdocs%%isharev1%%ikomuniti%%apps%%admin%%views%%reports%%index.volt.php:95
[Sun, 01 Jun 14 17:17:50 +0200][ERROR] Undefined property: Phalcon\Mvc\Model\Row::$occupation C:\xampp\htdocs\isharev1\ikomuniti\var\volt\c%%%%xampp%%htdocs%%isharev1%%ikomuniti%%apps%%admin%%views%%reports%%print.volt.php:25
[Sun, 01 Jun 14 17:17:50 +0200][ERROR] Undefined property: Phalcon\Mvc\Model\Row::$kin_phone C:\xampp\htdocs\isharev1\ikomuniti\var\volt\c%%%%xampp%%htdocs%%isharev1%%ikomuniti%%apps%%admin%%views%%reports%%print.volt.php:27
[Sun, 01 Jun 14 17:17:50 +0200][ERROR] Undefined property: Phalcon\Mvc\Model\Row::$second_address C:\xampp\htdocs\isharev1\ikomuniti\var\volt\c%%%%xampp%%htdocs%%isharev1%%ikomuniti%%apps%%admin%%views%%reports%%print.volt.php:34
[Sun, 01 Jun 14 17:17:50 +0200][ERROR] Undefined property: Phalcon\Mvc\Model\Row::$city C:\xampp\htdocs\isharev1\ikomuniti\var\volt\c%%%%xampp%%htdocs%%isharev1%%ikomuniti%%apps%%admin%%views%%reports%%print.volt.php:35
[Sun, 01 Jun 14 17:17:50 +0200][ERROR] Undefined property: Phalcon\Mvc\Model\Row::$region C:\xampp\htdocs\isharev1\ikomuniti\var\volt\c%%%%xampp%%htdocs%%isharev1%%ikomuniti%%apps%%admin%%views%%reports%%print.volt.php:36
[Sun, 01 Jun 14 17:17:50 +0200][ERROR] Undefined property: Phalcon\Mvc\Model\Row::$created_at C:\xampp\htdocs\isharev1\ikomuniti\var\volt\c%%%%xampp%%htdocs%%isharev1%%ikomuniti%%apps%%admin%%views%%reports%%print.volt.php:40
[Sun, 01 Jun 14 17:20:21 +0200][ERROR] Undefined property: Phalcon\Mvc\Model\Row::$occupation C:\xampp\htdocs\isharev1\ikomuniti\var\volt\c%%%%xampp%%htdocs%%isharev1%%ikomuniti%%apps%%admin%%views%%reports%%print.volt.php:25
[Sun, 01 Jun 14 17:20:21 +0200][ERROR] Undefined property: Phalcon\Mvc\Model\Row::$kin_phone C:\xampp\htdocs\isharev1\ikomuniti\var\volt\c%%%%xampp%%htdocs%%isharev1%%ikomuniti%%apps%%admin%%views%%reports%%print.volt.php:27
[Sun, 01 Jun 14 17:20:21 +0200][ERROR] Undefined property: Phalcon\Mvc\Model\Row::$second_address C:\xampp\htdocs\isharev1\ikomuniti\var\volt\c%%%%xampp%%htdocs%%isharev1%%ikomuniti%%apps%%admin%%views%%reports%%print.volt.php:34
[Sun, 01 Jun 14 17:20:21 +0200][ERROR] Undefined property: Phalcon\Mvc\Model\Row::$city C:\xampp\htdocs\isharev1\ikomuniti\var\volt\c%%%%xampp%%htdocs%%isharev1%%ikomuniti%%apps%%admin%%views%%reports%%print.volt.php:35
[Sun, 01 Jun 14 17:20:21 +0200][ERROR] Undefined property: Phalcon\Mvc\Model\Row::$region C:\xampp\htdocs\isharev1\ikomuniti\var\volt\c%%%%xampp%%htdocs%%isharev1%%ikomuniti%%apps%%admin%%views%%reports%%print.volt.php:36
[Sun, 01 Jun 14 17:52:38 +0200][ERROR] Undefined property: Phalcon\Mvc\Model\Row::$id C:\xampp\htdocs\isharev1\ikomuniti\var\volt\c%%%%xampp%%htdocs%%isharev1%%ikomuniti%%apps%%admin%%views%%insuran%%update.volt.php:116
[Sun, 01 Jun 14 17:52:38 +0200][ERROR] Undefined property: Phalcon\Mvc\Model\Row::$id C:\xampp\htdocs\isharev1\ikomuniti\var\volt\c%%%%xampp%%htdocs%%isharev1%%ikomuniti%%apps%%admin%%views%%insuran%%update.volt.php:118
